<?xml version="1.0" encoding="UTF-8"?>
<coverage generated="1736949639">
  <project timestamp="1736949639">
    <file name="/home/joao_victor/Projects/teste/src/Calculator.php">
      <class name="App\Calculator" namespace="global">
        <metrics complexity="5" methods="4" coveredmethods="4" conditionals="0" coveredconditionals="0" statements="6" coveredstatements="6" elements="10" coveredelements="10"/>
      </class>
      <line num="8" type="method" name="add" visibility="public" complexity="1" crap="1" count="1"/>
      <line num="10" type="stmt" count="1"/>
      <line num="13" type="method" name="subtract" visibility="public" complexity="1" crap="1" count="1"/>
      <line num="15" type="stmt" count="1"/>
      <line num="18" type="method" name="multiply" visibility="public" complexity="1" crap="1" count="1"/>
      <line num="20" type="stmt" count="1"/>
      <line num="23" type="method" name="divide" visibility="public" complexity="2" crap="2" count="2"/>
      <line num="25" type="stmt" count="2"/>
      <line num="26" type="stmt" count="1"/>
      <line num="28" type="stmt" count="1"/>
      <metrics loc="31" ncloc="30" classes="1" methods="4" coveredmethods="4" conditionals="0" coveredconditionals="0" statements="6" coveredstatements="6" elements="10" coveredelements="10"/>
    </file>
    <metrics files="1" loc="31" ncloc="30" classes="1" methods="4" coveredmethods="4" conditionals="0" coveredconditionals="0" statements="6" coveredstatements="6" elements="10" coveredelements="10"/>
  </project>
</coverage>
